Determining if the pthread_create exist failed with the following output:
Change Dir: /home/karenbarsegyan/BRTDriverless/build/fssim_gazebo_plugins/CMakeFiles/CMakeTmp

Run Build Command:"/usr/bin/make" "cmTC_c0aba/fast"
/usr/bin/make -f CMakeFiles/cmTC_c0aba.dir/build.make CMakeFiles/cmTC_c0aba.dir/build
make[1]: Entering directory '/home/karenbarsegyan/BRTDriverless/build/fssim_gazebo_plugins/CMakeFiles/CMakeTmp'
Building C object CMakeFiles/cmTC_c0aba.dir/CheckSymbolExists.c.o
/usr/bin/cc     -o CMakeFiles/cmTC_c0aba.dir/CheckSymbolExists.c.o   -c /home/karenbarsegyan/BRTDriverless/build/fssim_gazebo_plugins/CMakeFiles/CMakeTmp/CheckSymbolExists.c
Linking C executable cmTC_c0aba
/usr/bin/cmake -E cmake_link_script CMakeFiles/cmTC_c0aba.dir/link.txt --verbose=1
/usr/bin/cc       CMakeFiles/cmTC_c0aba.dir/CheckSymbolExists.c.o  -o cmTC_c0aba -rdynamic 
CMakeFiles/cmTC_c0aba.dir/CheckSymbolExists.c.o: In function `main':
CheckSymbolExists.c:(.text+0x16): undefined reference to `pthread_create'
collect2: error: ld returned 1 exit status
CMakeFiles/cmTC_c0aba.dir/build.make:97: recipe for target 'cmTC_c0aba' failed
make[1]: *** [cmTC_c0aba] Error 1
make[1]: Leaving directory '/home/karenbarsegyan/BRTDriverless/build/fssim_gazebo_plugins/CMakeFiles/CMakeTmp'
Makefile:126: recipe for target 'cmTC_c0aba/fast' failed
make: *** [cmTC_c0aba/fast] Error 2

File /home/karenbarsegyan/BRTDriverless/build/fssim_gazebo_plugins/CMakeFiles/CMakeTmp/CheckSymbolExists.c:
/* */
#include <pthread.h>

int main(int argc, char** argv)
{
  (void)argv;
#ifndef pthread_create
  return ((int*)(&pthread_create))[argc];
#else
  (void)argc;
  return 0;
#endif
}

Determining if the function pthread_create exists in the pthreads failed with the following output:
Change Dir: /home/karenbarsegyan/BRTDriverless/build/fssim_gazebo_plugins/CMakeFiles/CMakeTmp

Run Build Command:"/usr/bin/make" "cmTC_8bc95/fast"
/usr/bin/make -f CMakeFiles/cmTC_8bc95.dir/build.make CMakeFiles/cmTC_8bc95.dir/build
make[1]: Entering directory '/home/karenbarsegyan/BRTDriverless/build/fssim_gazebo_plugins/CMakeFiles/CMakeTmp'
Building C object CMakeFiles/cmTC_8bc95.dir/CheckFunctionExists.c.o
/usr/bin/cc    -DCHECK_FUNCTION_EXISTS=pthread_create   -o CMakeFiles/cmTC_8bc95.dir/CheckFunctionExists.c.o   -c /usr/share/cmake-3.5/Modules/CheckFunctionExists.c
Linking C executable cmTC_8bc95
/usr/bin/cmake -E cmake_link_script CMakeFiles/cmTC_8bc95.dir/link.txt --verbose=1
/usr/bin/cc   -DCHECK_FUNCTION_EXISTS=pthread_create    CMakeFiles/cmTC_8bc95.dir/CheckFunctionExists.c.o  -o cmTC_8bc95 -rdynamic -lpthreads 
/usr/bin/ld: cannot find -lpthreads
collect2: error: ld returned 1 exit status
CMakeFiles/cmTC_8bc95.dir/build.make:97: recipe for target 'cmTC_8bc95' failed
make[1]: *** [cmTC_8bc95] Error 1
make[1]: Leaving directory '/home/karenbarsegyan/BRTDriverless/build/fssim_gazebo_plugins/CMakeFiles/CMakeTmp'
Makefile:126: recipe for target 'cmTC_8bc95/fast' failed
make: *** [cmTC_8bc95/fast] Error 2


