[ 50%] Built target teleop_recieve_send
[35m[1mScanning dependencies of target send_cone_coordinate[0m
[ 75%] [32mBuilding CXX object CMakeFiles/send_cone_coordinate.dir/src/send_cone_coordinate.cpp.o[0m
[01m[K/home/karenbarsegyan/BRTDriverless/src/triangulation/src/send_cone_coordinate.cpp:[m[K In function ‘[01m[Kvoid pixelTo3DPoint(const PointCloud2&, int, int, geometry_msgs::Point*)[m[K’:
[01m[K/home/karenbarsegyan/BRTDriverless/src/triangulation/src/send_cone_coordinate.cpp:27:29:[m[K [01;31m[Kerror: [m[K‘[01m[KarrayPosX[m[K’ was not declared in this scope
     memcpy(&X, &pCloud.data[arrayPosX], sizeof(float));
[01;32m[K                             ^[m[K
[01m[K/home/karenbarsegyan/BRTDriverless/src/triangulation/src/send_cone_coordinate.cpp:28:29:[m[K [01;31m[Kerror: [m[K‘[01m[KarrayPosY[m[K’ was not declared in this scope
     memcpy(&Y, &pCloud.data[arrayPosY], sizeof(float));
[01;32m[K                             ^[m[K
[01m[K/home/karenbarsegyan/BRTDriverless/src/triangulation/src/send_cone_coordinate.cpp:29:29:[m[K [01;31m[Kerror: [m[K‘[01m[KarrayPosZ[m[K’ was not declared in this scope
     memcpy(&Z, &pCloud.data[arrayPosZ], sizeof(float));
[01;32m[K                             ^[m[K
[01m[K/home/karenbarsegyan/BRTDriverless/src/triangulation/src/send_cone_coordinate.cpp:[m[K In function ‘[01m[Kvoid scanCallBack(const PointCloud2&)[m[K’:
[01m[K/home/karenbarsegyan/BRTDriverless/src/triangulation/src/send_cone_coordinate.cpp:70:26:[m[K [01;31m[Kerror: [m[Kno matching function for call to ‘[01m[Kstd::vector<double>::erase(int, std::vector<double>::size_type)[m[K’
     x.erase(0, x.size()-1);
[01;32m[K                          ^[m[K
In file included from [01m[K/usr/include/c++/5/vector:64:0[m[K,
                 from [01m[K/usr/include/c++/5/bits/random.h:34[m[K,
                 from [01m[K/usr/include/c++/5/random:49[m[K,
                 from [01m[K/usr/include/c++/5/bits/stl_algo.h:66[m[K,
                 from [01m[K/usr/include/c++/5/algorithm:62[m[K,
                 from [01m[K/usr/include/boost/math/tools/config.hpp:17[m[K,
                 from [01m[K/usr/include/boost/math/special_functions/round.hpp:13[m[K,
                 from [01m[K/opt/ros/kinetic/include/ros/time.h:58[m[K,
                 from [01m[K/opt/ros/kinetic/include/ros/ros.h:38[m[K,
                 from [01m[K/home/karenbarsegyan/BRTDriverless/src/triangulation/src/send_cone_coordinate.cpp:1[m[K:
[01m[K/usr/include/c++/5/bits/stl_vector.h:1146:7:[m[K [01;36m[Knote: [m[Kcandidate: std::vector<_Tp, _Alloc>::iterator std::vector<_Tp, _Alloc>::erase(std::vector<_Tp, _Alloc>::const_iterator) [with _Tp = double; _Alloc = std::allocator<double>; std::vector<_Tp, _Alloc>::iterator = __gnu_cxx::__normal_iterator<double*, std::vector<double> >; typename std::_Vector_base<_Tp, _Alloc>::pointer = double*; std::vector<_Tp, _Alloc>::const_iterator = __gnu_cxx::__normal_iterator<const double*, std::vector<double> >; typename __gnu_cxx::__alloc_traits<typename std::_Vector_base<_Tp, _Alloc>::_Tp_alloc_type>::const_pointer = const double*]
       erase(const_iterator __position)
[01;32m[K       ^[m[K
[01m[K/usr/include/c++/5/bits/stl_vector.h:1146:7:[m[K [01;36m[Knote: [m[K  candidate expects 1 argument, 2 provided
[01m[K/usr/include/c++/5/bits/stl_vector.h:1173:7:[m[K [01;36m[Knote: [m[Kcandidate: std::vector<_Tp, _Alloc>::iterator std::vector<_Tp, _Alloc>::erase(std::vector<_Tp, _Alloc>::const_iterator, std::vector<_Tp, _Alloc>::const_iterator) [with _Tp = double; _Alloc = std::allocator<double>; std::vector<_Tp, _Alloc>::iterator = __gnu_cxx::__normal_iterator<double*, std::vector<double> >; typename std::_Vector_base<_Tp, _Alloc>::pointer = double*; std::vector<_Tp, _Alloc>::const_iterator = __gnu_cxx::__normal_iterator<const double*, std::vector<double> >; typename __gnu_cxx::__alloc_traits<typename std::_Vector_base<_Tp, _Alloc>::_Tp_alloc_type>::const_pointer = const double*]
       erase(const_iterator __first, const_iterator __last)
[01;32m[K       ^[m[K
[01m[K/usr/include/c++/5/bits/stl_vector.h:1173:7:[m[K [01;36m[Knote: [m[K  no known conversion for argument 1 from ‘[01m[Kint[m[K’ to ‘[01m[Kstd::vector<double>::const_iterator {aka __gnu_cxx::__normal_iterator<const double*, std::vector<double> >}[m[K’
[01m[K/home/karenbarsegyan/BRTDriverless/src/triangulation/src/send_cone_coordinate.cpp:71:26:[m[K [01;31m[Kerror: [m[Kno matching function for call to ‘[01m[Kstd::vector<double>::erase(int, std::vector<double>::size_type)[m[K’
     y.erase(0, y.size()-1);
[01;32m[K                          ^[m[K
In file included from [01m[K/usr/include/c++/5/vector:64:0[m[K,
                 from [01m[K/usr/include/c++/5/bits/random.h:34[m[K,
                 from [01m[K/usr/include/c++/5/random:49[m[K,
                 from [01m[K/usr/include/c++/5/bits/stl_algo.h:66[m[K,
                 from [01m[K/usr/include/c++/5/algorithm:62[m[K,
                 from [01m[K/usr/include/boost/math/tools/config.hpp:17[m[K,
                 from [01m[K/usr/include/boost/math/special_functions/round.hpp:13[m[K,
                 from [01m[K/opt/ros/kinetic/include/ros/time.h:58[m[K,
                 from [01m[K/opt/ros/kinetic/include/ros/ros.h:38[m[K,
                 from [01m[K/home/karenbarsegyan/BRTDriverless/src/triangulation/src/send_cone_coordinate.cpp:1[m[K:
[01m[K/usr/include/c++/5/bits/stl_vector.h:1146:7:[m[K [01;36m[Knote: [m[Kcandidate: std::vector<_Tp, _Alloc>::iterator std::vector<_Tp, _Alloc>::erase(std::vector<_Tp, _Alloc>::const_iterator) [with _Tp = double; _Alloc = std::allocator<double>; std::vector<_Tp, _Alloc>::iterator = __gnu_cxx::__normal_iterator<double*, std::vector<double> >; typename std::_Vector_base<_Tp, _Alloc>::pointer = double*; std::vector<_Tp, _Alloc>::const_iterator = __gnu_cxx::__normal_iterator<const double*, std::vector<double> >; typename __gnu_cxx::__alloc_traits<typename std::_Vector_base<_Tp, _Alloc>::_Tp_alloc_type>::const_pointer = const double*]
       erase(const_iterator __position)
[01;32m[K       ^[m[K
[01m[K/usr/include/c++/5/bits/stl_vector.h:1146:7:[m[K [01;36m[Knote: [m[K  candidate expects 1 argument, 2 provided
[01m[K/usr/include/c++/5/bits/stl_vector.h:1173:7:[m[K [01;36m[Knote: [m[Kcandidate: std::vector<_Tp, _Alloc>::iterator std::vector<_Tp, _Alloc>::erase(std::vector<_Tp, _Alloc>::const_iterator, std::vector<_Tp, _Alloc>::const_iterator) [with _Tp = double; _Alloc = std::allocator<double>; std::vector<_Tp, _Alloc>::iterator = __gnu_cxx::__normal_iterator<double*, std::vector<double> >; typename std::_Vector_base<_Tp, _Alloc>::pointer = double*; std::vector<_Tp, _Alloc>::const_iterator = __gnu_cxx::__normal_iterator<const double*, std::vector<double> >; typename __gnu_cxx::__alloc_traits<typename std::_Vector_base<_Tp, _Alloc>::_Tp_alloc_type>::const_pointer = const double*]
       erase(const_iterator __first, const_iterator __last)
[01;32m[K       ^[m[K
[01m[K/usr/include/c++/5/bits/stl_vector.h:1173:7:[m[K [01;36m[Knote: [m[K  no known conversion for argument 1 from ‘[01m[Kint[m[K’ to ‘[01m[Kstd::vector<double>::const_iterator {aka __gnu_cxx::__normal_iterator<const double*, std::vector<double> >}[m[K’
[01m[K/home/karenbarsegyan/BRTDriverless/src/triangulation/src/send_cone_coordinate.cpp:76:11:[m[K [01;31m[Kerror: [m[K‘[01m[Kclass std::vector<double>[m[K’ has no member named ‘[01m[Kpushback[m[K’
         x.pushback(point.x);
[01;32m[K           ^[m[K
[01m[K/home/karenbarsegyan/BRTDriverless/src/triangulation/src/send_cone_coordinate.cpp:77:11:[m[K [01;31m[Kerror: [m[K‘[01m[Kclass std::vector<double>[m[K’ has no member named ‘[01m[Kpushback[m[K’
         y.pushback(point.y);
[01;32m[K           ^[m[K
CMakeFiles/send_cone_coordinate.dir/build.make:62: recipe for target 'CMakeFiles/send_cone_coordinate.dir/src/send_cone_coordinate.cpp.o' failed
make[2]: *** [CMakeFiles/send_cone_coordinate.dir/src/send_cone_coordinate.cpp.o] Error 1
CMakeFiles/Makefile2:808: recipe for target 'CMakeFiles/send_cone_coordinate.dir/all' failed
make[1]: *** [CMakeFiles/send_cone_coordinate.dir/all] Error 2
Makefile:138: recipe for target 'all' failed
make: *** [all] Error 2
