Determining if the pthread_create exist failed with the following output:
Change Dir: /home/karenbarsegyan/BRTDriverless/build/control_pure_pursuit/CMakeFiles/CMakeTmp

Run Build Command:"/usr/bin/make" "cmTC_18eff/fast"
/usr/bin/make -f CMakeFiles/cmTC_18eff.dir/build.make CMakeFiles/cmTC_18eff.dir/build
make[1]: Entering directory '/home/karenbarsegyan/BRTDriverless/build/control_pure_pursuit/CMakeFiles/CMakeTmp'
Building C object CMakeFiles/cmTC_18eff.dir/CheckSymbolExists.c.o
/usr/bin/cc     -o CMakeFiles/cmTC_18eff.dir/CheckSymbolExists.c.o   -c /home/karenbarsegyan/BRTDriverless/build/control_pure_pursuit/CMakeFiles/CMakeTmp/CheckSymbolExists.c
Linking C executable cmTC_18eff
/usr/bin/cmake -E cmake_link_script CMakeFiles/cmTC_18eff.dir/link.txt --verbose=1
/usr/bin/cc       CMakeFiles/cmTC_18eff.dir/CheckSymbolExists.c.o  -o cmTC_18eff -rdynamic 
CMakeFiles/cmTC_18eff.dir/CheckSymbolExists.c.o: In function `main':
CheckSymbolExists.c:(.text+0x16): undefined reference to `pthread_create'
collect2: error: ld returned 1 exit status
CMakeFiles/cmTC_18eff.dir/build.make:97: recipe for target 'cmTC_18eff' failed
make[1]: *** [cmTC_18eff] Error 1
make[1]: Leaving directory '/home/karenbarsegyan/BRTDriverless/build/control_pure_pursuit/CMakeFiles/CMakeTmp'
Makefile:126: recipe for target 'cmTC_18eff/fast' failed
make: *** [cmTC_18eff/fast] Error 2

File /home/karenbarsegyan/BRTDriverless/build/control_pure_pursuit/CMakeFiles/CMakeTmp/CheckSymbolExists.c:
/* */
#include <pthread.h>

int main(int argc, char** argv)
{
  (void)argv;
#ifndef pthread_create
  return ((int*)(&pthread_create))[argc];
#else
  (void)argc;
  return 0;
#endif
}

Determining if the function pthread_create exists in the pthreads failed with the following output:
Change Dir: /home/karenbarsegyan/BRTDriverless/build/control_pure_pursuit/CMakeFiles/CMakeTmp

Run Build Command:"/usr/bin/make" "cmTC_06b79/fast"
/usr/bin/make -f CMakeFiles/cmTC_06b79.dir/build.make CMakeFiles/cmTC_06b79.dir/build
make[1]: Entering directory '/home/karenbarsegyan/BRTDriverless/build/control_pure_pursuit/CMakeFiles/CMakeTmp'
Building C object CMakeFiles/cmTC_06b79.dir/CheckFunctionExists.c.o
/usr/bin/cc    -DCHECK_FUNCTION_EXISTS=pthread_create   -o CMakeFiles/cmTC_06b79.dir/CheckFunctionExists.c.o   -c /usr/share/cmake-3.5/Modules/CheckFunctionExists.c
Linking C executable cmTC_06b79
/usr/bin/cmake -E cmake_link_script CMakeFiles/cmTC_06b79.dir/link.txt --verbose=1
/usr/bin/cc   -DCHECK_FUNCTION_EXISTS=pthread_create    CMakeFiles/cmTC_06b79.dir/CheckFunctionExists.c.o  -o cmTC_06b79 -rdynamic -lpthreads 
/usr/bin/ld: cannot find -lpthreads
collect2: error: ld returned 1 exit status
CMakeFiles/cmTC_06b79.dir/build.make:97: recipe for target 'cmTC_06b79' failed
make[1]: *** [cmTC_06b79] Error 1
make[1]: Leaving directory '/home/karenbarsegyan/BRTDriverless/build/control_pure_pursuit/CMakeFiles/CMakeTmp'
Makefile:126: recipe for target 'cmTC_06b79/fast' failed
make: *** [cmTC_06b79/fast] Error 2


