[36m--[0m Using CATKIN_DEVEL_PREFIX: /home/karenbarsegyan/BRTDriverless/devel/.private/fssim_gazebo_plugins
[36m--[0m Using CMAKE_PREFIX_PATH: /home/karenbarsegyan/BRTDriverless/devel;/home/karenbarsegyan/catkin_ws/devel;/opt/ros/kinetic
[36m--[0m This workspace overlays: /home/karenbarsegyan/BRTDriverless/devel;/home/karenbarsegyan/catkin_ws/devel;/opt/ros/kinetic
[36m--[0m Using PYTHON_EXECUTABLE: /usr/bin/python
[36m--[0m Using Debian Python package layout
[36m--[0m Using empy: /usr/bin/empy
[36m--[0m Using CATKIN_ENABLE_TESTING: ON
[36m--[0m Call enable_testing()
[36m--[0m Using CATKIN_TEST_RESULTS_DIR: /home/karenbarsegyan/BRTDriverless/build/fssim_gazebo_plugins/test_results
[36m--[0m Found gmock sources under '/usr/src/gmock': gmock will be built
[36m--[0m Found gtest sources under '/usr/src/gmock': gtests will be built
[36m--[0m Using Python nosetests: /usr/bin/nosetests-2.7
[36m--[0m catkin 0.7.18
[36m--[0m BUILD_SHARED_LIBS is on
[36m--[0m Using these message generators: gencpp;geneus;genlisp;gennodejs;genpy
[36m--[0m Boost version: 1.58.0
[36m--[0m Found the following Boost libraries:
[36m--[0m   thread
[36m--[0m   signals
[36m--[0m   system
[36m--[0m   filesystem
[36m--[0m   program_options
[36m--[0m   regex
[36m--[0m   iostreams
[36m--[0m   date_time
[36m--[0m   chrono
[36m--[0m   atomic
[36m--[0m Boost version: 1.58.0
[36m--[0m Looking for OGRE...
[36m--[0m Found Ogre Ghadamon (1.9.0)
[36m--[0m Found OGRE: optimized;/usr/lib/x86_64-linux-gnu/libOgreMain.so;debug;/usr/lib/x86_64-linux-gnu/libOgreMain.so
[36m--[0m Looking for OGRE_Paging...
[36m--[0m Found OGRE_Paging: optimized;/usr/lib/x86_64-linux-gnu/libOgrePaging.so;debug;/usr/lib/x86_64-linux-gnu/libOgrePaging.so
[36m--[0m Looking for OGRE_Terrain...
[36m--[0m Found OGRE_Terrain: optimized;/usr/lib/x86_64-linux-gnu/libOgreTerrain.so;debug;/usr/lib/x86_64-linux-gnu/libOgreTerrain.so
[36m--[0m Looking for OGRE_Property...
[36m--[0m Found OGRE_Property: optimized;/usr/lib/x86_64-linux-gnu/libOgreProperty.so;debug;/usr/lib/x86_64-linux-gnu/libOgreProperty.so
[36m--[0m Looking for OGRE_RTShaderSystem...
[36m--[0m Found OGRE_RTShaderSystem: optimized;/usr/lib/x86_64-linux-gnu/libOgreRTShaderSystem.so;debug;/usr/lib/x86_64-linux-gnu/libOgreRTShaderSystem.so
[36m--[0m Looking for OGRE_Volume...
[36m--[0m Found OGRE_Volume: optimized;/usr/lib/x86_64-linux-gnu/libOgreVolume.so;debug;/usr/lib/x86_64-linux-gnu/libOgreVolume.so
[36m--[0m Looking for OGRE_Overlay...
[36m--[0m Found OGRE_Overlay: optimized;/usr/lib/x86_64-linux-gnu/libOgreOverlay.so;debug;/usr/lib/x86_64-linux-gnu/libOgreOverlay.so
[36m--[0m Boost version: 1.58.0
[36m--[0m Found the following Boost libraries:
[36m--[0m   system
[36m--[0m   filesystem
[36m--[0m   thread
[36m--[0m   date_time
[36m--[0m   iostreams
[36m--[0m   serialization
[36m--[0m   chrono
[36m--[0m   atomic
[36m--[0m   regex
[36m--[0m Checking for module 'libopenni2'
[36m--[0m   No package 'libopenni2' found
[36m--[0m Could NOT find OpenNI2 (missing:  OPENNI2_LIBRARY OPENNI2_INCLUDE_DIRS)
** WARNING ** io features related to openni2 will be disabled
** WARNING ** io features related to pcap will be disabled
** WARNING ** io features related to png will be disabled
[36m--[0m The imported target "vtkRenderingPythonTkWidgets" references the file
   "/usr/lib/x86_64-linux-gnu/libvtkRenderingPythonTkWidgets.so"
but this file does not exist.  Possible reasons include:
* The file was deleted, renamed, or moved to another location.
* An install or uninstall procedure did not complete successfully.
* The installation package was faulty and contained
   "/usr/lib/cmake/vtk-6.2/VTKTargets.cmake"
but not all the files it references.

[36m--[0m The imported target "vtk" references the file
   "/usr/bin/vtk"
but this file does not exist.  Possible reasons include:
* The file was deleted, renamed, or moved to another location.
* An install or uninstall procedure did not complete successfully.
* The installation package was faulty and contained
   "/usr/lib/cmake/vtk-6.2/VTKTargets.cmake"
but not all the files it references.

[36m--[0m Checking for module 'libopenni2'
[36m--[0m   No package 'libopenni2' found
[36m--[0m Could NOT find OpenNI2 (missing:  OPENNI2_LIBRARY OPENNI2_INCLUDE_DIRS)
** WARNING ** visualization features related to openni2 will be disabled
[36m--[0m looking for PCL_COMMON
[36m--[0m looking for PCL_KDTREE
[36m--[0m looking for PCL_OCTREE
[36m--[0m looking for PCL_SEARCH
[36m--[0m looking for PCL_IO
[36m--[0m looking for PCL_SAMPLE_CONSENSUS
[36m--[0m looking for PCL_FILTERS
[36m--[0m looking for PCL_GEOMETRY
[36m--[0m looking for PCL_FEATURES
[36m--[0m looking for PCL_SEGMENTATION
[36m--[0m looking for PCL_SURFACE
[36m--[0m looking for PCL_REGISTRATION
[36m--[0m looking for PCL_RECOGNITION
[36m--[0m looking for PCL_KEYPOINTS
[36m--[0m looking for PCL_VISUALIZATION
[36m--[0m looking for PCL_PEOPLE
[36m--[0m looking for PCL_OUTOFCORE
[36m--[0m looking for PCL_TRACKING
[36m--[0m looking for PCL_APPS
[36m--[0m Could NOT find PCL_APPS (missing:  PCL_APPS_LIBRARY)
[36m--[0m looking for PCL_MODELER
[36m--[0m looking for PCL_IN_HAND_SCANNER
[36m--[0m looking for PCL_POINT_CLOUD_EDITOR
[36m--[0m Boost version: 1.58.0
[36m--[0m Found the following Boost libraries:
[36m--[0m   thread
[36m--[0m   chrono
[36m--[0m   system
[36m--[0m   date_time
[36m--[0m   atomic
[36m--[0m Configuring done
[36m--[0m Generating done
[36m--[0m Build files have been written to: /home/karenbarsegyan/BRTDriverless/build/fssim_gazebo_plugins
